This file contains any messages produced by compilers while
running configure, to aid debugging if configure makes a mistake.

It was created by Compass Calibrator C configure 1.0.0, which was
generated by GNU Autoconf 2.69.  Invocation command line was

  $ ./configure 

## --------- ##
## Platform. ##
## --------- ##

hostname = netipc-desktop
uname -m = x86_64
uname -r = 5.15.0-72-generic
uname -s = Linux
uname -v = #79~20.04.1-Ubuntu SMP Thu Apr 20 22:12:07 UTC 2023

/usr/bin/uname -p = x86_64
/bin/uname -X     = unknown

/bin/arch              = x86_64
/usr/bin/arch -k       = unknown
/usr/convex/getsysinfo = unknown
/usr/bin/hostinfo      = unknown
/bin/machine           = unknown
/usr/bin/oslevel       = unknown
/bin/universe          = unknown

PATH: /opt/ros/noetic/bin
PATH: /usr/local/sbin
PATH: /usr/local/bin
PATH: /usr/sbin
PATH: /usr/bin
PATH: /sbin
PATH: /bin
PATH: /usr/games
PATH: /usr/local/games
PATH: /snap/bin


## ----------- ##
## Core tests. ##
## ----------- ##

configure:2143: checking for a BSD-compatible install
configure:2211: result: /usr/bin/install -c
configure:2222: checking whether build environment is sane
configure:2277: result: yes
configure:2426: checking for a thread-safe mkdir -p
configure:2465: result: /usr/bin/mkdir -p
configure:2472: checking for gawk
configure:2502: result: no
configure:2472: checking for mawk
configure:2488: found /usr/bin/mawk
configure:2499: result: mawk
configure:2510: checking whether make sets $(MAKE)
configure:2532: result: yes
configure:2561: checking whether make supports nested variables
configure:2578: result: yes
configure:2710: checking build system type
configure:2724: result: x86_64-pc-linux-gnu
configure:2744: checking host system type
configure:2757: result: x86_64-pc-linux-gnu
configure:2827: checking for gcc
configure:2843: found /usr/bin/gcc
configure:2854: result: gcc
configure:3083: checking for C compiler version
configure:3092: gcc --version >&5
gcc (Ubuntu 9.4.0-1ubuntu1~20.04.1) 9.4.0
Copyright (C) 2019 Free Software Foundation, Inc.
This is free software; see the source for copying conditions.  There is NO
warranty; not even for MERCHANTABILITY or FITNESS FOR A PARTICULAR PURPOSE.

configure:3103: $? = 0
configure:3092: gcc -v >&5
Using built-in specs.
COLLECT_GCC=gcc
COLLECT_LTO_WRAPPER=/usr/lib/gcc/x86_64-linux-gnu/9/lto-wrapper
OFFLOAD_TARGET_NAMES=nvptx-none:hsa
OFFLOAD_TARGET_DEFAULT=1
Target: x86_64-linux-gnu
Configured with: ../src/configure -v --with-pkgversion='Ubuntu 9.4.0-1ubuntu1~20.04.1' --with-bugurl=file:///usr/share/doc/gcc-9/README.Bugs --enable-languages=c,ada,c++,go,brig,d,fortran,objc,obj-c++,gm2 --prefix=/usr --with-gcc-major-version-only --program-suffix=-9 --program-prefix=x86_64-linux-gnu- --enable-shared --enable-linker-build-id --libexecdir=/usr/lib --without-included-gettext --enable-threads=posix --libdir=/usr/lib --enable-nls --enable-clocale=gnu --enable-libstdcxx-debug --enable-libstdcxx-time=yes --with-default-libstdcxx-abi=new --enable-gnu-unique-object --disable-vtable-verify --enable-plugin --enable-default-pie --with-system-zlib --with-target-system-zlib=auto --enable-objc-gc=auto --enable-multiarch --disable-werror --with-arch-32=i686 --with-abi=m64 --with-multilib-list=m32,m64,mx32 --enable-multilib --with-tune=generic --enable-offload-targets=nvptx-none=/build/gcc-9-Av3uEd/gcc-9-9.4.0/debian/tmp-nvptx/usr,hsa --without-cuda-driver --enable-checking=release --build=x86_64-linux-gnu --host=x86_64-linux-gnu --target=x86_64-linux-gnu
Thread model: posix
gcc version 9.4.0 (Ubuntu 9.4.0-1ubuntu1~20.04.1) 
configure:3103: $? = 0
configure:3092: gcc -V >&5
gcc: error: unrecognized command line option '-V'
gcc: fatal error: no input files
compilation terminated.
configure:3103: $? = 1
configure:3092: gcc -qversion >&5
gcc: error: unrecognized command line option '-qversion'; did you mean '--version'?
gcc: fatal error: no input files
compilation terminated.
configure:3103: $? = 1
configure:3123: checking whether the C compiler works
configure:3145: gcc    conftest.c  >&5
configure:3149: $? = 0
configure:3197: result: yes
configure:3200: checking for C compiler default output file name
configure:3202: result: a.out
configure:3208: checking for suffix of executables
configure:3215: gcc -o conftest    conftest.c  >&5
configure:3219: $? = 0
configure:3241: result: 
configure:3263: checking whether we are cross compiling
configure:3271: gcc -o conftest    conftest.c  >&5
configure:3275: $? = 0
configure:3282: ./conftest
configure:3286: $? = 0
configure:3274: result: no
configure:3279: checking for suffix of object files
configure:3301: gcc -c   conftest.c >&5
configure:3305: $? = 0
configure:3326: result: o
configure:3330: checking whether we are using the GNU C compiler
configure:3349: gcc -c   conftest.c >&5
configure:3349: $? = 0
configure:3358: result: yes
configure:3367: checking whether gcc accepts -g
configure:3387: gcc -c -g  conftest.c >&5
configure:3387: $? = 0
configure:3428: result: yes
configure:3445: checking for gcc option to accept ISO C89
configure:3508: gcc  -c -g -O2  conftest.c >&5
configure:3508: $? = 0
configure:3521: result: none needed
configure:3546: checking whether gcc understands -c and -o together
configure:3568: gcc -c conftest.c -o conftest2.o
configure:3571: $? = 0
configure:3568: gcc -c conftest.c -o conftest2.o
configure:3571: $? = 0
configure:3583: result: yes
configure:3603: checking whether make supports the include directive
configure:3618: make -f confmf.GNU && cat confinc.out
this is the am__doit target
configure:3621: $? = 0
configure:3640: result: yes (GNU style)
configure:3665: checking dependency style of gcc
configure:3776: result: gcc3
configure:3796: checking for Phidget_getLibraryVersion in -lphidget22
configure:3821: gcc -o conftest -g -O2   conftest.c -lphidget22   >&5
configure:3821: $? = 0
configure:3830: result: yes
configure:3844: checking for library containing atan
configure:3875: gcc -o conftest -g -O2   conftest.c -lphidget22  >&5
conftest.c:19:6: warning: conflicting types for built-in function 'atan'; expected 'double(double)' [-Wbuiltin-declaration-mismatch]
   19 | char atan ();
      |      ^~~~
conftest.c:1:1: note: 'atan' is declared in header '<math.h>'
    1 | /* confdefs.h */
/usr/bin/ld: /tmp/cc56kw3Z.o: in function `main':
/home/group6/ws/Phidget22_Spatial_CompassCalibrator_C_Ex_20230331/Spatial_CompassCalibrator_Example/conftest.c:23: undefined reference to `atan'
collect2: error: ld returned 1 exit status
configure:3875: $? = 1
configure: failed program was:
| /* confdefs.h */
| #define PACKAGE_NAME "Compass Calibrator C"
| #define PACKAGE_TARNAME "compass-calibrator-c"
| #define PACKAGE_VERSION "1.0.0"
| #define PACKAGE_STRING "Compass Calibrator C 1.0.0"
| #define PACKAGE_BUGREPORT "support@phidgets.com"
| #define PACKAGE_URL ""
| #define PACKAGE "compass-calibrator-c"
| #define VERSION "1.0.0"
| #define HAVE_LIBPHIDGET22 1
| /* end confdefs.h.  */
| 
| /* Override any GCC internal prototype to avoid an error.
|    Use char because int might match the return type of a GCC
|    builtin and then its argument prototype would still apply.  */
| #ifdef __cplusplus
| extern "C"
| #endif
| char atan ();
| int
| main ()
| {
| return atan ();
|   ;
|   return 0;
| }
configure:3875: gcc -o conftest -g -O2   conftest.c -lm  -lphidget22  >&5
conftest.c:19:6: warning: conflicting types for built-in function 'atan'; expected 'double(double)' [-Wbuiltin-declaration-mismatch]
   19 | char atan ();
      |      ^~~~
conftest.c:1:1: note: 'atan' is declared in header '<math.h>'
    1 | /* confdefs.h */
configure:3875: $? = 0
configure:3892: result: -lm
configure:3909: checking how to run the C preprocessor
configure:3940: gcc -E  conftest.c
configure:3940: $? = 0
configure:3954: gcc -E  conftest.c
conftest.c:12:10: fatal error: ac_nonexistent.h: No such file or directory
   12 | #include <ac_nonexistent.h>
      |          ^~~~~~~~~~~~~~~~~~
compilation terminated.
configure:3954: $? = 1
configure: failed program was:
| /* confdefs.h */
| #define PACKAGE_NAME "Compass Calibrator C"
| #define PACKAGE_TARNAME "compass-calibrator-c"
| #define PACKAGE_VERSION "1.0.0"
| #define PACKAGE_STRING "Compass Calibrator C 1.0.0"
| #define PACKAGE_BUGREPORT "support@phidgets.com"
| #define PACKAGE_URL ""
| #define PACKAGE "compass-calibrator-c"
| #define VERSION "1.0.0"
| #define HAVE_LIBPHIDGET22 1
| /* end confdefs.h.  */
| #include <ac_nonexistent.h>
configure:3979: result: gcc -E
configure:3999: gcc -E  conftest.c
configure:3999: $? = 0
configure:4013: gcc -E  conftest.c
conftest.c:12:10: fatal error: ac_nonexistent.h: No such file or directory
   12 | #include <ac_nonexistent.h>
      |          ^~~~~~~~~~~~~~~~~~
compilation terminated.
configure:4013: $? = 1
configure: failed program was:
| /* confdefs.h */
| #define PACKAGE_NAME "Compass Calibrator C"
| #define PACKAGE_TARNAME "compass-calibrator-c"
| #define PACKAGE_VERSION "1.0.0"
| #define PACKAGE_STRING "Compass Calibrator C 1.0.0"
| #define PACKAGE_BUGREPORT "support@phidgets.com"
| #define PACKAGE_URL ""
| #define PACKAGE "compass-calibrator-c"
| #define VERSION "1.0.0"
| #define HAVE_LIBPHIDGET22 1
| /* end confdefs.h.  */
| #include <ac_nonexistent.h>
configure:4042: checking for grep that handles long lines and -e
configure:4100: result: /usr/bin/grep
configure:4105: checking for egrep
configure:4167: result: /usr/bin/grep -E
configure:4172: checking for ANSI C header files
configure:4192: gcc -c -g -O2  conftest.c >&5
configure:4192: $? = 0
configure:4265: gcc -o conftest -g -O2   conftest.c -lm -lphidget22  >&5
configure:4265: $? = 0
configure:4265: ./conftest
configure:4265: $? = 0
configure:4276: result: yes
configure:4289: checking for sys/types.h
configure:4289: gcc -c -g -O2  conftest.c >&5
configure:4289: $? = 0
configure:4289: result: yes
configure:4289: checking for sys/stat.h
configure:4289: gcc -c -g -O2  conftest.c >&5
configure:4289: $? = 0
configure:4289: result: yes
configure:4289: checking for stdlib.h
configure:4289: gcc -c -g -O2  conftest.c >&5
configure:4289: $? = 0
configure:4289: result: yes
configure:4289: checking for string.h
configure:4289: gcc -c -g -O2  conftest.c >&5
configure:4289: $? = 0
configure:4289: result: yes
configure:4289: checking for memory.h
configure:4289: gcc -c -g -O2  conftest.c >&5
configure:4289: $? = 0
configure:4289: result: yes
configure:4289: checking for strings.h
configure:4289: gcc -c -g -O2  conftest.c >&5
configure:4289: $? = 0
configure:4289: result: yes
configure:4289: checking for inttypes.h
configure:4289: gcc -c -g -O2  conftest.c >&5
configure:4289: $? = 0
configure:4289: result: yes
configure:4289: checking for stdint.h
configure:4289: gcc -c -g -O2  conftest.c >&5
configure:4289: $? = 0
configure:4289: result: yes
configure:4289: checking for unistd.h
configure:4289: gcc -c -g -O2  conftest.c >&5
configure:4289: $? = 0
configure:4289: result: yes
configure:4303: checking for unistd.h
configure:4303: result: yes
configure:4318: checking phidget22.h usability
configure:4318: gcc -c -g -O2  conftest.c >&5
configure:4318: $? = 0
configure:4318: result: yes
configure:4318: checking phidget22.h presence
configure:4318: gcc -E  conftest.c
configure:4318: $? = 0
configure:4318: result: yes
configure:4318: checking for phidget22.h
configure:4318: result: yes
configure:4333: checking for an ANSI C-conforming const
configure:4399: gcc -c -g -O2  conftest.c >&5
configure:4399: $? = 0
configure:4406: result: yes
configure:4518: checking that generated files are newer than configure
configure:4524: result: done
configure:4547: creating ./config.status

## ---------------------- ##
## Running config.status. ##
## ---------------------- ##

This file was extended by Compass Calibrator C config.status 1.0.0, which was
generated by GNU Autoconf 2.69.  Invocation command line was

  CONFIG_FILES    = 
  CONFIG_HEADERS  = 
  CONFIG_LINKS    = 
  CONFIG_COMMANDS = 
  $ ./config.status 

on netipc-desktop

config.status:862: creating Makefile
config.status:862: creating config.h
config.status:1091: executing depfiles commands
config.status:1168: cd .       && sed -e '/# am--include-marker/d' Makefile         | make -f - am--depfiles
make: Nothing to be done for 'am--depfiles'.
config.status:1173: $? = 0

## ---------------- ##
## Cache variables. ##
## ---------------- ##

ac_cv_build=x86_64-pc-linux-gnu
ac_cv_c_compiler_gnu=yes
ac_cv_c_const=yes
ac_cv_env_CC_set=
ac_cv_env_CC_value=
ac_cv_env_CFLAGS_set=
ac_cv_env_CFLAGS_value=
ac_cv_env_CPPFLAGS_set=
ac_cv_env_CPPFLAGS_value=
ac_cv_env_CPP_set=
ac_cv_env_CPP_value=
ac_cv_env_LDFLAGS_set=
ac_cv_env_LDFLAGS_value=
ac_cv_env_LIBS_set=
ac_cv_env_LIBS_value=
ac_cv_env_build_alias_set=
ac_cv_env_build_alias_value=
ac_cv_env_host_alias_set=
ac_cv_env_host_alias_value=
ac_cv_env_target_alias_set=
ac_cv_env_target_alias_value=
ac_cv_header_inttypes_h=yes
ac_cv_header_memory_h=yes
ac_cv_header_phidget22_h=yes
ac_cv_header_stdc=yes
ac_cv_header_stdint_h=yes
ac_cv_header_stdlib_h=yes
ac_cv_header_string_h=yes
ac_cv_header_strings_h=yes
ac_cv_header_sys_stat_h=yes
ac_cv_header_sys_types_h=yes
ac_cv_header_unistd_h=yes
ac_cv_host=x86_64-pc-linux-gnu
ac_cv_lib_phidget22_Phidget_getLibraryVersion=yes
ac_cv_objext=o
ac_cv_path_EGREP='/usr/bin/grep -E'
ac_cv_path_GREP=/usr/bin/grep
ac_cv_path_install='/usr/bin/install -c'
ac_cv_path_mkdir=/usr/bin/mkdir
ac_cv_prog_AWK=mawk
ac_cv_prog_CPP='gcc -E'
ac_cv_prog_ac_ct_CC=gcc
ac_cv_prog_cc_c89=
ac_cv_prog_cc_g=yes
ac_cv_prog_make_make_set=yes
ac_cv_search_atan=-lm
am_cv_CC_dependencies_compiler_type=gcc3
am_cv_make_support_nested_variables=yes
am_cv_prog_cc_c_o=yes

## ----------------- ##
## Output variables. ##
## ----------------- ##

ACLOCAL='${SHELL} /home/group6/ws/Phidget22_Spatial_CompassCalibrator_C_Ex_20230331/Spatial_CompassCalibrator_Example/missing aclocal-1.16'
AMDEPBACKSLASH='\'
AMDEP_FALSE='#'
AMDEP_TRUE=''
AMTAR='$${TAR-tar}'
AM_BACKSLASH='\'
AM_DEFAULT_V='$(AM_DEFAULT_VERBOSITY)'
AM_DEFAULT_VERBOSITY='1'
AM_V='$(V)'
AUTOCONF='${SHELL} /home/group6/ws/Phidget22_Spatial_CompassCalibrator_C_Ex_20230331/Spatial_CompassCalibrator_Example/missing autoconf'
AUTOHEADER='${SHELL} /home/group6/ws/Phidget22_Spatial_CompassCalibrator_C_Ex_20230331/Spatial_CompassCalibrator_Example/missing autoheader'
AUTOMAKE='${SHELL} /home/group6/ws/Phidget22_Spatial_CompassCalibrator_C_Ex_20230331/Spatial_CompassCalibrator_Example/missing automake-1.16'
AWK='mawk'
CC='gcc'
CCDEPMODE='depmode=gcc3'
CFLAGS='-g -O2'
CPP='gcc -E'
CPPFLAGS=''
CYGPATH_W='echo'
DEFS='-DHAVE_CONFIG_H'
DEPDIR='.deps'
ECHO_C=''
ECHO_N='-n'
ECHO_T=''
EGREP='/usr/bin/grep -E'
EXEEXT=''
EXTRA_CFLAGS=''
EXTRA_LDFLAGS=''
GREP='/usr/bin/grep'
INSTALL_DATA='${INSTALL} -m 644'
INSTALL_PROGRAM='${INSTALL}'
INSTALL_SCRIPT='${INSTALL}'
INSTALL_STRIP_PROGRAM='$(install_sh) -c -s'
LDFLAGS=''
LIBOBJS=''
LIBS='-lm -lphidget22 '
LTLIBOBJS=''
MAKEINFO='${SHELL} /home/group6/ws/Phidget22_Spatial_CompassCalibrator_C_Ex_20230331/Spatial_CompassCalibrator_Example/missing makeinfo'
MKDIR_P='/usr/bin/mkdir -p'
OBJEXT='o'
PACKAGE='compass-calibrator-c'
PACKAGE_BUGREPORT='support@phidgets.com'
PACKAGE_NAME='Compass Calibrator C'
PACKAGE_STRING='Compass Calibrator C 1.0.0'
PACKAGE_TARNAME='compass-calibrator-c'
PACKAGE_URL=''
PACKAGE_VERSION='1.0.0'
PATH_SEPARATOR=':'
SET_MAKE=''
SHELL='/bin/bash'
STRIP=''
VERSION='1.0.0'
ac_ct_CC='gcc'
am__EXEEXT_FALSE=''
am__EXEEXT_TRUE='#'
am__fastdepCC_FALSE='#'
am__fastdepCC_TRUE=''
am__include='include'
am__isrc=''
am__leading_dot='.'
am__nodep='_no'
am__quote=''
am__tar='$${TAR-tar} chof - "$$tardir"'
am__untar='$${TAR-tar} xf -'
bindir='${exec_prefix}/bin'
build='x86_64-pc-linux-gnu'
build_alias=''
build_cpu='x86_64'
build_os='linux-gnu'
build_vendor='pc'
datadir='${datarootdir}'
datarootdir='${prefix}/share'
docdir='${datarootdir}/doc/${PACKAGE_TARNAME}'
dvidir='${docdir}'
exec_prefix='${prefix}'
host='x86_64-pc-linux-gnu'
host_alias=''
host_cpu='x86_64'
host_os='linux-gnu'
host_vendor='pc'
htmldir='${docdir}'
includedir='${prefix}/include'
infodir='${datarootdir}/info'
install_sh='${SHELL} /home/group6/ws/Phidget22_Spatial_CompassCalibrator_C_Ex_20230331/Spatial_CompassCalibrator_Example/install-sh'
libdir='${exec_prefix}/lib'
libexecdir='${exec_prefix}/libexec'
localedir='${datarootdir}/locale'
localstatedir='${prefix}/var'
mandir='${datarootdir}/man'
mkdir_p='$(MKDIR_P)'
oldincludedir='/usr/include'
pdfdir='${docdir}'
prefix='/usr/local'
program_transform_name='s,x,x,'
psdir='${docdir}'
runstatedir='${localstatedir}/run'
sbindir='${exec_prefix}/sbin'
sharedstatedir='${prefix}/com'
sysconfdir='${prefix}/etc'
target_alias=''

## ----------- ##
## confdefs.h. ##
## ----------- ##

/* confdefs.h */
#define PACKAGE_NAME "Compass Calibrator C"
#define PACKAGE_TARNAME "compass-calibrator-c"
#define PACKAGE_VERSION "1.0.0"
#define PACKAGE_STRING "Compass Calibrator C 1.0.0"
#define PACKAGE_BUGREPORT "support@phidgets.com"
#define PACKAGE_URL ""
#define PACKAGE "compass-calibrator-c"
#define VERSION "1.0.0"
#define HAVE_LIBPHIDGET22 1
#define STDC_HEADERS 1
#define HAVE_SYS_TYPES_H 1
#define HAVE_SYS_STAT_H 1
#define HAVE_STDLIB_H 1
#define HAVE_STRING_H 1
#define HAVE_MEMORY_H 1
#define HAVE_STRINGS_H 1
#define HAVE_INTTYPES_H 1
#define HAVE_STDINT_H 1
#define HAVE_UNISTD_H 1
#define HAVE_UNISTD_H 1
#define HAVE_PHIDGET22_H 1

configure: exit 0
